TN:
SF:/home/stvanaya/PlatziCourses/platziverse/platziverse-db/index.js
FN:8,(anonymous_0)
FNF:1
FNH:1
FNDA:2,(anonymous_0)
DA:3,2
DA:4,2
DA:5,2
DA:6,2
DA:8,2
DA:9,2
DA:22,2
DA:23,2
DA:24,2
DA:28,2
DA:29,2
DA:33,2
DA:37,2
DA:38,0
DA:41,2
DA:42,2
DA:44,2
LF:17
LH:16
BRDA:37,0,0,0
BRDA:37,0,1,2
BRF:2
BRH:1
end_of_record
TN:
SF:/home/stvanaya/PlatziCourses/platziverse/platziverse-db/lib/db.js
FN:7,setupDatabase
FNF:1
FNH:1
FNDA:2,setupDatabase
DA:3,1
DA:4,1
DA:7,1
DA:8,2
DA:9,1
DA:11,2
LF:6
LH:6
BRDA:8,0,0,1
BRDA:8,0,1,1
BRF:2
BRH:2
end_of_record
TN:
SF:/home/stvanaya/PlatziCourses/platziverse/platziverse-db/models/agent.js
FN:6,setupAgentModel
FNF:1
FNH:0
FNDA:0,setupAgentModel
DA:3,1
DA:4,1
DA:6,1
DA:7,0
DA:9,0
LF:5
LH:3
BRF:0
BRH:0
end_of_record
TN:
SF:/home/stvanaya/PlatziCourses/platziverse/platziverse-db/models/metric.js
FN:6,setupMetricModel
FNF:1
FNH:0
FNDA:0,setupMetricModel
DA:3,1
DA:4,1
DA:6,1
DA:7,0
DA:9,0
LF:5
LH:3
BRF:0
BRH:0
end_of_record
