TN:
SF:/home/stvanaya/PlatziCourses/platziverse/platziverse-db/index.js
FN:10,(anonymous_0)
FNF:1
FNH:1
FNDA:14,(anonymous_0)
DA:3,14
DA:4,14
DA:5,14
DA:6,14
DA:7,14
DA:8,14
DA:10,14
DA:11,14
DA:24,14
DA:25,14
DA:26,14
DA:30,14
DA:31,14
DA:35,14
DA:39,14
DA:40,0
DA:43,14
DA:44,14
DA:46,14
LF:19
LH:18
BRDA:39,0,0,0
BRDA:39,0,1,14
BRF:2
BRH:1
end_of_record
TN:
SF:/home/stvanaya/PlatziCourses/platziverse/platziverse-db/lib/agent.js
FN:3,setupAgent
FN:5,findByUsername
FN:14,findConnected
FN:22,findAll
FN:26,findByUuid
FN:36,findById
FN:42,createOrUpdate
FNF:7
FNH:7
FNDA:14,setupAgent
FNDA:1,findByUsername
FNDA:1,findConnected
FNDA:1,findAll
FNDA:1,findByUuid
FNDA:1,findById
FNDA:2,createOrUpdate
DA:3,2
DA:6,1
DA:15,1
DA:23,1
DA:27,1
DA:37,1
DA:45,2
DA:52,2
DA:56,2
DA:57,1
DA:58,1
DA:62,1
DA:63,1
DA:66,14
LF:14
LH:14
BRDA:56,0,0,1
BRDA:56,0,1,1
BRDA:58,1,0,1
BRDA:58,1,1,0
BRF:4
BRH:3
end_of_record
TN:
SF:/home/stvanaya/PlatziCourses/platziverse/platziverse-db/lib/db.js
FN:7,setupDatabase
FNF:1
FNH:1
FNDA:14,setupDatabase
DA:3,2
DA:4,2
DA:7,2
DA:8,14
DA:9,2
DA:11,14
LF:6
LH:6
BRDA:8,0,0,2
BRDA:8,0,1,12
BRF:2
BRH:2
end_of_record
TN:
SF:/home/stvanaya/PlatziCourses/platziverse/platziverse-db/lib/metric.js
FN:3,setupMetric
FN:9,findByAgentUuid
FN:23,findByTypeAgentUuid
FN:43,create
FNF:4
FNH:4
FNDA:14,setupMetric
FNDA:1,findByAgentUuid
FNDA:1,findByTypeAgentUuid
FNDA:1,create
DA:3,2
DA:10,1
DA:24,1
DA:44,1
DA:51,1
DA:52,1
DA:53,1
DA:54,1
DA:58,14
LF:9
LH:9
BRDA:51,0,0,1
BRDA:51,0,1,0
BRF:2
BRH:1
end_of_record
TN:
SF:/home/stvanaya/PlatziCourses/platziverse/platziverse-db/models/agent.js
FN:6,setupAgentModel
FNF:1
FNH:0
FNDA:0,setupAgentModel
DA:3,2
DA:4,2
DA:6,2
DA:7,0
DA:9,0
LF:5
LH:3
BRF:0
BRH:0
end_of_record
TN:
SF:/home/stvanaya/PlatziCourses/platziverse/platziverse-db/models/metric.js
FN:6,setupMetricModel
FNF:1
FNH:0
FNDA:0,setupMetricModel
DA:3,2
DA:4,2
DA:6,2
DA:7,0
DA:9,0
LF:5
LH:3
BRF:0
BRH:0
end_of_record
TN:
SF:/home/stvanaya/PlatziCourses/platziverse/platziverse-db/utils/index.js
FN:3,extend
FN:8,sortBy
FN:9,(anonymous_2)
FNF:3
FNH:3
FNDA:3,extend
FNDA:6,sortBy
FNDA:12,(anonymous_2)
DA:4,3
DA:5,3
DA:9,6
DA:10,12
DA:11,12
DA:13,12
DA:14,0
DA:15,12
DA:16,0
DA:18,12
DA:23,1
LF:11
LH:9
BRDA:13,0,0,0
BRDA:13,0,1,12
BRDA:15,1,0,0
BRDA:15,1,1,12
BRF:4
BRH:2
end_of_record
